<?xml version="1.0" encoding="UTF-8"?>
<testng-results skipped="0" failed="0" total="1" passed="1">
  <reporter-output>
  </reporter-output>
  <suite name="Default suite" duration-ms="5281" started-at="2020-07-21T21:53:40Z" finished-at="2020-07-21T21:53:46Z">
    <groups>
    </groups>
    <test name="Default test" duration-ms="5281" started-at="2020-07-21T21:53:40Z" finished-at="2020-07-21T21:53:46Z">
      <class name="com.api.gorest.tests.GetUsersTests">
        <test-method status="PASS" signature="getCallTest()[pri:1, instance:com.api.gorest.tests.GetUsersTests@5e5792a0]" name="getCallTest" duration-ms="5248" started-at="2020-07-21T17:53:40Z" finished-at="2020-07-21T17:53:46Z">
          <reporter-output>
          </reporter-output>
        </test-method> <!-- getCallTest -->
      </class> <!-- com.api.gorest.tests.GetUsersTests -->
    </test> <!-- Default test -->
  </suite> <!-- Default suite -->
</testng-results>
